CRITICAL - 2022-03-16 02:00:42 --> Invalid file: edit_user.php
#0 C:\xampp\htdocs\codeigniter-crud-example\system\View\View.php(198): CodeIgniter\Exceptions\FrameworkException::forInvalidFile('edit_user.php')
#1 C:\xampp\htdocs\codeigniter-crud-example\system\Common.php(1089): CodeIgniter\View\View->render('edit_user', Array, true)
#2 C:\xampp\htdocs\codeigniter-crud-example\app\Controllers\UserCrud.php(32): view('edit_user', Array)
#3 C:\xampp\htdocs\codeigniter-crud-example\system\CodeIgniter.php(832): App\Controllers\UserCrud->singleUser('8')
#4 C:\xampp\htdocs\codeigniter-crud-example\system\CodeIgniter.php(419): CodeIgniter\CodeIgniter->runController(Object(App\Controllers\UserCrud))
#5 C:\xampp\htdocs\codeigniter-crud-example\system\CodeIgniter.php(326): CodeIgniter\CodeIgniter->handleRequest(NULL, Object(Config\Cache), false)
#6 C:\xampp\htdocs\codeigniter-crud-example\public\index.php(37): CodeIgniter\CodeIgniter->run()
#7 C:\xampp\htdocs\codeigniter-crud-example\system\Commands\Server\rewrite.php(43): require_once('C:\\xampp\\htdocs...')
#8 {main}
CRITICAL - 2022-03-16 02:00:57 --> Invalid file: edit_user.php
#0 C:\xampp\htdocs\codeigniter-crud-example\system\View\View.php(198): CodeIgniter\Exceptions\FrameworkException::forInvalidFile('edit_user.php')
#1 C:\xampp\htdocs\codeigniter-crud-example\system\Common.php(1089): CodeIgniter\View\View->render('edit_user', Array, true)
#2 C:\xampp\htdocs\codeigniter-crud-example\app\Controllers\UserCrud.php(32): view('edit_user', Array)
#3 C:\xampp\htdocs\codeigniter-crud-example\system\CodeIgniter.php(832): App\Controllers\UserCrud->singleUser('8')
#4 C:\xampp\htdocs\codeigniter-crud-example\system\CodeIgniter.php(419): CodeIgniter\CodeIgniter->runController(Object(App\Controllers\UserCrud))
#5 C:\xampp\htdocs\codeigniter-crud-example\system\CodeIgniter.php(326): CodeIgniter\CodeIgniter->handleRequest(NULL, Object(Config\Cache), false)
#6 C:\xampp\htdocs\codeigniter-crud-example\public\index.php(37): CodeIgniter\CodeIgniter->run()
#7 C:\xampp\htdocs\codeigniter-crud-example\system\Commands\Server\rewrite.php(43): require_once('C:\\xampp\\htdocs...')
#8 {main}
